<?xml version="1.0" encoding="UTF-8"?>
<testng-results ignored="0" total="2" passed="2" failed="0" skipped="0">
  <reporter-output>
  </reporter-output>
  <suite started-at="2026-01-31T11:13:19 IST" name="Default suite" finished-at="2026-01-31T11:13:22 IST" duration-ms="3220">
    <groups>
    </groups>
    <test started-at="2026-01-31T11:13:19 IST" name="Default test" finished-at="2026-01-31T11:13:22 IST" duration-ms="3220">
      <class name="testNG.Assertions">
        <test-method is-config="true" signature="openLink()[pri:0, instance:testNG.Assertions@4a883b15]" started-at="2026-01-31T11:13:19 IST" name="openLink" finished-at="2026-01-31T11:13:22 IST" duration-ms="2895" status="PASS">
          <reporter-output>
          </reporter-output>
        </test-method> <!-- openLink -->
        <test-method signature="title()[pri:0, instance:testNG.Assertions@4a883b15]" started-at="2026-01-31T11:13:22 IST" name="title" description="Title name" finished-at="2026-01-31T11:13:22 IST" duration-ms="123" status="PASS">
          <reporter-output>
          </reporter-output>
        </test-method> <!-- title -->
        <test-method signature="url()[pri:0, instance:testNG.Assertions@4a883b15]" started-at="2026-01-31T11:13:22 IST" name="url" description="url name" finished-at="2026-01-31T11:13:22 IST" duration-ms="24" status="PASS">
          <reporter-output>
          </reporter-output>
        </test-method> <!-- url -->
        <test-method is-config="true" signature="close()[pri:0, instance:testNG.Assertions@4a883b15]" started-at="2026-01-31T11:13:22 IST" name="close" finished-at="2026-01-31T11:13:22 IST" duration-ms="138" status="PASS">
          <reporter-output>
          </reporter-output>
        </test-method> <!-- close -->
      </class> <!-- testNG.Assertions -->
    </test> <!-- Default test -->
  </suite> <!-- Default suite -->
</testng-results>
